<?xml version='1.0' encoding='UTF-8'?>
<testsuite hostname="graph-2" name="PassthroughTest" tests="1" errors="0" failures="1" skipped="0" time="2.319" timestamp="2025-09-02T16:39:29">
          <properties>
[...]
</properties>
          <testcase classname="PassthroughTest" name="PassthroughGenerator should pass through bits" time="2.319">
                      <failure message="io_out=0 (0x0) did not equal expected=1 (0x1) (lines in PassThroughTest.scala: 8)" type="org.scalatest.exceptions.TestFailedException">org.scalatest.exceptions.TestFailedException: io_out=0 (0x0) did not equal expected=1 (0x1) (lines in PassThroughTest.scala: 8)
	at chiseltest.internal.TestEnvInterface.signalExpectFailure(TestEnvInterface.scala:58)
	at chiseltest.internal.TestEnvInterface.signalExpectFailure$(TestEnvInterface.scala:45)
	at PassthroughTest.signalExpectFailure(PassThroughTest.scala:5)
	at chiseltest.package$Utils$.expectFailed(package.scala:505)
	at chiseltest.package$Utils$.expectBits(package.scala:496)
	at chiseltest.package$testableUInt.expectInternal(package.scala:55)
	at chiseltest.package$testableUInt.expect(package.scala:57)
	at PassthroughTest.$anonfun$new$3(PassThroughTest.scala:12)
	at PassthroughTest.$anonfun$new$3$adapted(PassThroughTest.scala:8)
	at chiseltest.internal.GenericBackend.$anonfun$run$1(GenericBackend.scala:151)
	at chiseltest.internal.ThreadedBackend$TesterThread$$anon$1.$anonfun$run$1(ThreadedBackend.scala:495)
	at chiseltest.internal.GenericBackend.doTimescope(GenericBackend.scala:96)
	at chiseltest.internal.ThreadedBackend$TesterThread$$anon$1.run(ThreadedBackend.scala:495)
	at java.base/java.lang.Thread.run(Thread.java:829)
Caused by: chiseltest.internal.FailedExpectException: io_out=0 (0x0) did not equal expected=1 (0x1) (lines in PassThroughTest.scala: 8)
	... 14 more
</failure>
                    </testcase>
          <system-out><![CDATA[]]></system-out>
          <system-err><![CDATA[]]></system-err>
        </testsuite>