[0m[[0m[0mdebug[0m] [0m[0mRunning TaskDef(HelloTest, org.scalatest.tools.Framework$$anon$1@29c705f8, false, [SuiteSelector])[0m
[0m[[0m[0mdebug[0m] [0m[0mRunning TaskDef(PassthroughTest, org.scalatest.tools.Framework$$anon$1@29c705f8, false, [SuiteSelector])[0m
[0m[[0m[0minfo[0m] [0m[0m[32mPassthroughTest:[0m[0m
[0m[[0m[0minfo[0m] [0m[0m[32mPassthroughGenerator[0m[0m
[0m[[0m[0minfo[0m] [0m[0m[31m- should pass through bits *** FAILED ***[0m[0m
[0m[[0m[0minfo[0m] [0m[0m[31m  io_out=0 (0x0) did not equal expected=1 (0x1) (lines in PassThroughTest.scala: 8) (PassThroughTest.scala:12)[0m[0m
[0m[[0m[0minfo[0m] [0m[0m[32mHelloTest:[0m[0m
[0m[[0m[0minfo[0m] [0m[0m[32mHello[0m[0m
[0m[[0m[0minfo[0m] [0m[0m[32m- should pass[0m[0m
[0m[[0m[0minfo[0m] [0m[0m[36mRun completed in 19 seconds, 965 milliseconds.[0m[0m
[0m[[0m[0minfo[0m] [0m[0m[36mTotal number of tests run: 2[0m[0m
[0m[[0m[0minfo[0m] [0m[0m[36mSuites: completed 2, aborted 0[0m[0m
[0m[[0m[0minfo[0m] [0m[0m[36mTests: succeeded 1, failed 1, canceled 0, ignored 0, pending 0[0m[0m
[0m[[0m[0minfo[0m] [0m[0m[31m*** 1 TEST FAILED ***[0m[0m
[0m[[0m[0mdebug[0m] [0m[0mPassed tests:[0m
[0m[[0m[0mdebug[0m] [0m[0m	HelloTest[0m
[0m[[0m[31merror[0m] [0m[0mFailed tests:[0m
[0m[[0m[31merror[0m] [0m[0m	PassthroughTest[0m
[0m[[0m[31merror[0m] [0m[0m(Test / [31mtest[0m) sbt.TestsFailedException: Tests unsuccessful[0m
